Flow report for standard
Mon Dec 07 21:11:44 2009
Quartus II Version 8.0 Build 231 07/10/2008 Service Pack 1 SJ Full Version


---------------------
; Table of Contents ;
---------------------
  1. Legal Notice
  2. Flow Summary
  3. Flow Settings
  4. Flow Non-Default Global Settings
  5. Flow Elapsed Time
  6. Flow Log



----------------
; Legal Notice ;
----------------
Copyright (C) 1991-2008 Altera Corporation
Your use of Altera Corporation's design tools, logic functions 
and other software and tools, and its AMPP partner logic 
functions, and any output files from any of the foregoing 
(including device programming or simulation files), and any 
associated documentation or information are expressly subject 
to the terms and conditions of the Altera Program License 
Subscription Agreement, Altera MegaCore Function License 
Agreement, or other applicable license agreement, including, 
without limitation, that your use is for the sole purpose of 
programming logic devices manufactured by Altera and sold by 
Altera or its authorized distributors.  Please refer to the 
applicable agreement for further details.



+-------------------------------------------------------------------------------+
; Flow Summary                                                                  ;
+-------------------------------+-----------------------------------------------+
; Flow Status                   ; Successful - Mon Dec 07 21:11:44 2009         ;
; Quartus II Version            ; 8.0 Build 231 07/10/2008 SP 1 SJ Full Version ;
; Revision Name                 ; standard                                      ;
; Top-level Entity Name         ; standard                                      ;
; Family                        ; Stratix II                                    ;
; Device                        ; EP2S60F1020C3                                 ;
; Timing Models                 ; Final                                         ;
; Met timing requirements       ; Yes                                           ;
; Logic utilization             ; 14 %                                          ;
;     Combinational ALUTs       ; 5,561 / 48,352 ( 12 % )                       ;
;     Dedicated logic registers ; 4,158 / 48,352 ( 9 % )                        ;
; Total registers               ; 4455                                          ;
; Total pins                    ; 188 / 719 ( 26 % )                            ;
; Total virtual pins            ; 0                                             ;
; Total block memory bits       ; 1,973,504 / 2,544,192 ( 78 % )                ;
; DSP block 9-bit elements      ; 8 / 288 ( 3 % )                               ;
; Total PLLs                    ; 1 / 12 ( 8 % )                                ;
; Total DLLs                    ; 0 / 2 ( 0 % )                                 ;
+-------------------------------+-----------------------------------------------+


+-----------------------------------------+
; Flow Settings                           ;
+-------------------+---------------------+
; Option            ; Setting             ;
+-------------------+---------------------+
; Start date & time ; 12/07/2009 18:36:25 ;
; Main task         ; Compilation         ;
; Revision Name     ; standard            ;
+-------------------+---------------------+


+-----------------------------------------------------------------------------------------------------------------------------------+
; Flow Non-Default Global Settings                                                                                                  ;
+-----------------------------------------+-----------------------------+--------------------------------+-------------+------------+
; Assignment Name                         ; Value                       ; Default Value                  ; Entity Name ; Section Id ;
+-----------------------------------------+-----------------------------+--------------------------------+-------------+------------+
; COMPILER_SIGNATURE_ID                   ; 83525391093.126022898506664 ; --                             ; --          ; --         ;
; ENABLE_SIGNALTAP                        ; Off                         ; --                             ; --          ; --         ;
; IP_TOOL_NAME                            ; FIFO                        ; --                             ; --          ; --         ;
; IP_TOOL_NAME                            ; FIFO                        ; --                             ; --          ; --         ;
; IP_TOOL_VERSION                         ; 8.0                         ; --                             ; --          ; --         ;
; IP_TOOL_VERSION                         ; 8.0                         ; --                             ; --          ; --         ;
; MISC_FILE                               ; swBUF.bsf                   ; --                             ; --          ; --         ;
; MISC_FILE                               ; swBUF_bb.v                  ; --                             ; --          ; --         ;
; MISC_FILE                               ; adFIFO.bsf                  ; --                             ; --          ; --         ;
; MISC_FILE                               ; adFIFO_bb.v                 ; --                             ; --          ; --         ;
; OPTIMIZE_HOLD_TIMING                    ; All paths                   ; IO Paths and Minimum TPD Paths ; --          ; --         ;
; PHYSICAL_SYNTHESIS_COMBO_LOGIC          ; On                          ; Off                            ; --          ; --         ;
; PHYSICAL_SYNTHESIS_EFFORT               ; Extra                       ; Normal                         ; --          ; --         ;
; PHYSICAL_SYNTHESIS_REGISTER_DUPLICATION ; On                          ; Off                            ; --          ; --         ;
; PHYSICAL_SYNTHESIS_REGISTER_RETIMING    ; On                          ; Off                            ; --          ; --         ;
; STRATIXII_OPTIMIZATION_TECHNIQUE        ; Speed                       ; Balanced                       ; --          ; --         ;
; USE_SIGNALTAP_FILE                      ; adc-output.stp              ; --                             ; --          ; --         ;
+-----------------------------------------+-----------------------------+--------------------------------+-------------+------------+


+-----------------------------------------------------------------------------------------------------------------------------+
; Flow Elapsed Time                                                                                                           ;
+-------------------------+--------------+-------------------------+---------------------+------------------------------------+
; Module Name             ; Elapsed Time ; Average Processors Used ; Peak Virtual Memory ; Total CPU Time (on all processors) ;
+-------------------------+--------------+-------------------------+---------------------+------------------------------------+
; Analysis & Synthesis    ; 00:02:40     ; 1.0                     ; 256 MB              ; 00:02:39                           ;
; Fitter                  ; 00:16:43     ; 1.0                     ; 332 MB              ; 00:16:41                           ;
; Assembler               ; 00:00:18     ; 1.0                     ; 315 MB              ; 00:00:18                           ;
; Classic Timing Analyzer ; 00:00:14     ; 1.0                     ; 196 MB              ; 00:00:14                           ;
; MIF/HEX Update          ; 00:00:07     ; 1.0                     ; 188 MB              ; 00:00:06                           ;
; Assembler               ; 00:00:19     ; 1.0                     ; 317 MB              ; 00:00:19                           ;
; Total                   ; 00:20:21     ; --                      ; --                  ; 00:20:17                           ;
+-------------------------+--------------+-------------------------+---------------------+------------------------------------+


------------
; Flow Log ;
------------
quartus_map --read_settings_files=on --write_settings_files=off standard -c standard
quartus_fit --read_settings_files=off --write_settings_files=off standard -c standard
quartus_asm --read_settings_files=off --write_settings_files=off standard -c standard
quartus_tan --read_settings_files=off --write_settings_files=off standard -c standard --timing_analysis_only
quartus_cdb --update_mif standard.qpf
quartus_asm standard.qpf



