Assembler report for standard
Mon Dec 07 21:11:44 2009
Quartus II Version 8.0 Build 231 07/10/2008 Service Pack 1 SJ Full Version


---------------------
; Table of Contents ;
---------------------
  1. Legal Notice
  2. Assembler Summary
  3. Assembler Settings
  4. Assembler Generated Files
  5. Assembler Device Options: H:/Project/Ethernet/standard.sof
  6. Assembler Device Options: H:/Project/Ethernet/standard.pof
  7. Assembler Messages



----------------
; Legal Notice ;
----------------
Copyright (C) 1991-2008 Altera Corporation
Your use of Altera Corporation's design tools, logic functions 
and other software and tools, and its AMPP partner logic 
functions, and any output files from any of the foregoing 
(including device programming or simulation files), and any 
associated documentation or information are expressly subject 
to the terms and conditions of the Altera Program License 
Subscription Agreement, Altera MegaCore Function License 
Agreement, or other applicable license agreement, including, 
without limitation, that your use is for the sole purpose of 
programming logic devices manufactured by Altera and sold by 
Altera or its authorized distributors.  Please refer to the 
applicable agreement for further details.



+---------------------------------------------------------------+
; Assembler Summary                                             ;
+-----------------------+---------------------------------------+
; Assembler Status      ; Successful - Mon Dec 07 21:11:44 2009 ;
; Revision Name         ; standard                              ;
; Top-level Entity Name ; standard                              ;
; Family                ; Stratix II                            ;
; Device                ; EP2S60F1020C3                         ;
+-----------------------+---------------------------------------+


+--------------------------------------------------------------------------------------------------------+
; Assembler Settings                                                                                     ;
+-----------------------------------------------------------------------------+----------+---------------+
; Option                                                                      ; Setting  ; Default Value ;
+-----------------------------------------------------------------------------+----------+---------------+
; Generate Tabular Text File (.ttf) For Target Device                         ; On       ; Off           ;
; Use smart compilation                                                       ; Off      ; Off           ;
; Maximum processors allowed for parallel compilation                         ; 1        ; 1             ;
; Generate compressed bitstreams                                              ; On       ; On            ;
; Compression mode                                                            ; Off      ; Off           ;
; Clock source for configuration device                                       ; Internal ; Internal      ;
; Clock frequency of the configuration device                                 ; 10 MHZ   ; 10 MHz        ;
; Divide clock frequency by                                                   ; 1        ; 1             ;
; Auto user code                                                              ; Off      ; Off           ;
; Use configuration device                                                    ; On       ; On            ;
; Configuration device                                                        ; Auto     ; Auto          ;
; Configuration device auto user code                                         ; Off      ; Off           ;
; Generate Raw Binary File (.rbf) For Target Device                           ; Off      ; Off           ;
; Generate Hexadecimal (Intel-Format) Output File (.hexout) for Target Device ; Off      ; Off           ;
; Hexadecimal Output File start address                                       ; 0        ; 0             ;
; Hexadecimal Output File count direction                                     ; Up       ; Up            ;
; Release clears before tri-states                                            ; Off      ; Off           ;
; Auto-restart configuration after error                                      ; On       ; On            ;
; Maintain Compatibility with All Stratix II MRAM Versions                    ; Off      ; Off           ;
; Use Checkered Pattern as Uninitialized RAM Content                          ; Off      ; Off           ;
; Generate Serial Vector Format File (.svf) for Target Device                 ; Off      ; Off           ;
; Generate a JEDEC STAPL Format File (.jam) for Target Device                 ; Off      ; Off           ;
; Generate a compressed Jam STAPL Byte Code 2.0 File (.jbc) for Target Device ; Off      ; Off           ;
; Generate a compressed Jam STAPL Byte Code 2.0 File (.jbc) for Target Device ; On       ; On            ;
+-----------------------------------------------------------------------------+----------+---------------+


+----------------------------------+
; Assembler Generated Files        ;
+----------------------------------+
; File Name                        ;
+----------------------------------+
; H:/Project/Ethernet/standard.sof ;
; H:/Project/Ethernet/standard.pof ;
; H:/Project/Ethernet/standard.ttf ;
+----------------------------------+


+------------------------------------------------------------+
; Assembler Device Options: H:/Project/Ethernet/standard.sof ;
+----------------+-------------------------------------------+
; Option         ; Setting                                   ;
+----------------+-------------------------------------------+
; Device         ; EP2S60F1020C3                             ;
; JTAG usercode  ; 0xFFFFFFFF                                ;
; Checksum       ; 0x014D5423                                ;
+----------------+-------------------------------------------+


+------------------------------------------------------------+
; Assembler Device Options: H:/Project/Ethernet/standard.pof ;
+--------------------+---------------------------------------+
; Option             ; Setting                               ;
+--------------------+---------------------------------------+
; Device             ; EPC16                                 ;
; JTAG usercode      ; 0xFFFFFFFF                            ;
; Checksum           ; 0x1A615E11                            ;
; Compression Ratio  ; 2                                     ;
+--------------------+---------------------------------------+


+--------------------+
; Assembler Messages ;
+--------------------+
Info: *******************************************************************
Info: Running Quartus II Assembler
    Info: Version 8.0 Build 231 07/10/2008 Service Pack 1 SJ Full Version
    Info: Copyright (C) 1991-2008 Altera Corporation. All rights reserved.
    Info: Your use of Altera Corporation's design tools, logic functions 
    Info: and other software and tools, and its AMPP partner logic 
    Info: functions, and any output files from any of the foregoing 
    Info: (including device programming or simulation files), and any 
    Info: associated documentation or information are expressly subject 
    Info: to the terms and conditions of the Altera Program License 
    Info: Subscription Agreement, Altera MegaCore Function License 
    Info: Agreement, or other applicable license agreement, including, 
    Info: without limitation, that your use is for the sole purpose of 
    Info: programming logic devices manufactured by Altera and sold by 
    Info: Altera or its authorized distributors.  Please refer to the 
    Info: applicable agreement for further details.
    Info: Processing started: Mon Dec 07 21:11:25 2009
Info: Command: quartus_asm standard.qpf
Info: Writing out detailed assembly data for power analysis
Info: Assembler is generating device programming files
Info: Quartus II Assembler was successful. 0 errors, 0 warnings
    Info: Peak virtual memory: 317 megabytes
    Info: Processing ended: Mon Dec 07 21:11:45 2009
    Info: Elapsed time: 00:00:20
    Info: Total CPU time (on all processors): 00:00:20


